<?xml version="1.0" encoding="UTF-8"?>
<!-- Generated by org.testng.reporters.JUnitXMLReporter -->
<testsuite hostname="DESKTOP-6U2ELF0" ignored="0" name="Default test" tests="3" failures="0" timestamp="2021-12-16T17:20:09 IST" time="51.805" errors="0">
  <testcase name="loginApplication" time="11.795" classname="second.testNG.NewTest1"/>
  <testcase name="selectItems" time="24.059" classname="second.testNG.NewTest1"/>
  <testcase name="checkOut" time="15.901" classname="second.testNG.NewTest1"/>
</testsuite> <!-- Default test -->
