<?xml version="1.0" encoding="UTF-8"?>
<!-- Generated by org.testng.reporters.JUnitXMLReporter -->
<testsuite hostname="DESKTOP-6U2ELF0" ignored="0" name="Test1" tests="4" failures="0" timestamp="2021-12-16T17:37:30 IST" time="40.413" errors="0">
  <testcase name="selectItems" time="24.089" classname="second.testNG.NewTest1"/>
  <testcase name="loginApplication" time="24.57" classname="second.testNG.NewTest1_2"/>
  <testcase name="loginApplication" time="24.57" classname="second.testNG.NewTest1"/>
  <testcase name="selectItems" time="16.25" classname="second.testNG.NewTest1_2"/>
</testsuite> <!-- Test1 -->
